D:\XTOVO\WRK\ROOTNET.SAV\ROOT.NET\DEBUG\.NETFRAMEWORK,VERSION=V4.0.ASSEMBLYATTRIBUTES.OBJ
D:\xtovo\wrk\ROOTNET.sav\ROOT.NET\Debug\cl.command.1.tlog
D:\xtovo\wrk\ROOTNET.sav\ROOT.NET\Debug\CL.read.1.tlog
D:\xtovo\wrk\ROOTNET.sav\ROOT.NET\Debug\CL.write.1.tlog
D:\xtovo\wrk\ROOTNET.sav\ROOT.NET\Debug\link.10456.read.1.tlog
D:\xtovo\wrk\ROOTNET.sav\ROOT.NET\Debug\link.10456.write.1.tlog
D:\xtovo\wrk\ROOTNET.sav\ROOT.NET\Debug\link.command.1.tlog
D:\xtovo\wrk\ROOTNET.sav\ROOT.NET\Debug\link.read.1.tlog
D:\xtovo\wrk\ROOTNET.sav\ROOT.NET\Debug\link.write.1.tlog
D:\xtovo\wrk\ROOTNET.sav\ROOT.NET\Debug\mt.command.1.tlog
D:\xtovo\wrk\ROOTNET.sav\ROOT.NET\Debug\mt.read.1.tlog
D:\xtovo\wrk\ROOTNET.sav\ROOT.NET\Debug\mt.write.1.tlog
D:\XTOVO\WRK\ROOTNET.SAV\ROOT.NET\DEBUG\ROOTDOTNET.DLL
D:\XTOVO\WRK\ROOTNET.SAV\ROOT.NET\DEBUG\ROOTDOTNET.DLL.INTERMEDIATE.MANIFEST
D:\xtovo\wrk\ROOTNET.sav\ROOT.NET\Debug\ROOTdotNET.exp
D:\XTOVO\WRK\ROOTNET.SAV\ROOT.NET\DEBUG\ROOTDOTNET.ILK
D:\xtovo\wrk\ROOTNET.sav\ROOT.NET\Debug\ROOTdotNET.lib
D:\XTOVO\WRK\ROOTNET.SAV\ROOT.NET\DEBUG\ROOTDOTNET.OBJ
D:\XTOVO\WRK\ROOTNET.SAV\ROOT.NET\DEBUG\ROOTDOTNET.PDB
D:\xtovo\wrk\ROOTNET.sav\ROOT.NET\Debug\ROOTdotNET.vcxprojResolveAssemblyReference.cache
D:\xtovo\wrk\ROOTNET.sav\ROOT.NET\Debug\ROOTdotNET.write.1.tlog
D:\XTOVO\WRK\ROOTNET.SAV\ROOT.NET\DEBUG\VC100.PDB
